<?xml version="1.0" encoding="UTF-8"?>
<!-- Generated by org.testng.reporters.JUnitReportReporter -->
<testsuite hostname="Nicolass-MacBook-Air.local" name="com.krak.util.AppTest" tests="1" failures="0" timestamp="3 May 2019 13:25:21 GMT" time="0.090" errors="0">
  <testcase name="run_cukes" time="0.090" classname="com.krak.util.AppTest"/>
</testsuite> <!-- com.krak.util.AppTest -->
