<?xml version="1.0" encoding="UTF-8"?>
<!-- Generated by org.testng.reporters.JUnitReportReporter -->
<testsuite hostname="Nicolass-MacBook-Air.local" name="com.krak.AppTest" tests="1" failures="0" timestamp="3 May 2019 13:29:33 GMT" time="49.116" errors="0">
  <testcase name="run_cukes" time="49.116" classname="com.krak.AppTest"/>
</testsuite> <!-- com.krak.AppTest -->
