<?xml version="1.0" encoding="UTF-8"?>
<!-- Generated by org.testng.reporters.JUnitReportReporter -->
<testsuite hostname="Nicolass-MacBook-Air.local" name="com.krak.AppTest" tests="1" failures="0" timestamp="3 May 2019 11:40:42 GMT" time="0.582" errors="0">
  <testcase name="run_cukes" time="0.582" classname="com.krak.AppTest"/>
</testsuite> <!-- com.krak.AppTest -->
